c:\users\rgo19\documents\c++\visual studio\solitario\solitario\debug\vc142.pdb
c:\users\rgo19\documents\c++\visual studio\solitario\solitario\debug\vc142.idb
c:\users\rgo19\documents\c++\visual studio\solitario\solitario\debug\source.obj
c:\users\rgo19\documents\c++\visual studio\solitario\solitario\debug\maso.obj
c:\users\rgo19\documents\c++\visual studio\solitario\solitario\debug\carta.obj
c:\users\rgo19\documents\c++\visual studio\solitario\solitario\debug\piladejuego.obj
c:\users\rgo19\documents\c++\visual studio\solitario\solitario\debug\pilaauxiliar.obj
c:\users\rgo19\documents\c++\visual studio\solitario\solitario\debug\juego.obj
c:\users\rgo19\documents\c++\visual studio\solitario\solitario\debug\jugador.obj
c:\users\rgo19\documents\c++\visual studio\solitario\solitario\debug\gotoxy.obj
c:\users\rgo19\documents\c++\visual studio\solitario\solitario\debug\run.obj
c:\users\rgo19\documents\c++\visual studio\solitario\debug\solitario.exe
c:\users\rgo19\documents\c++\visual studio\solitario\debug\solitario.ilk
c:\users\rgo19\documents\c++\visual studio\solitario\debug\solitario.pdb
c:\users\rgo19\documents\c++\visual studio\solitario\solitario\debug\juego.new.obj.enc
c:\users\rgo19\documents\c++\visual studio\solitario\solitario\debug\source.new.obj.enc
c:\users\rgo19\documents\c++\visual studio\solitario\solitario\debug\solitario.tlog\cl.command.1.tlog
c:\users\rgo19\documents\c++\visual studio\solitario\solitario\debug\solitario.tlog\cl.read.1.tlog
c:\users\rgo19\documents\c++\visual studio\solitario\solitario\debug\solitario.tlog\cl.write.1.tlog
c:\users\rgo19\documents\c++\visual studio\solitario\solitario\debug\solitario.tlog\link.command.1.tlog
c:\users\rgo19\documents\c++\visual studio\solitario\solitario\debug\solitario.tlog\link.read.1.tlog
c:\users\rgo19\documents\c++\visual studio\solitario\solitario\debug\solitario.tlog\link.write.1.tlog
